{"/Users/jaehwankwon/Code/whisper/database.js": {"path":"/Users/jaehwankwon/Code/whisper/database.js","statementMap":{"0":{"start":{"line":2,"column":0},"end":{"line":8,"column":2}},"1":{"start":{"line":5,"column":4},"end":{"line":5,"column":24}},"2":{"start":{"line":6,"column":4},"end":{"line":6,"column":24}},"3":{"start":{"line":9,"column":22},"end":{"line":11,"column":2}},"4":{"start":{"line":12,"column":16},"end":{"line":12,"column":56}}},"fnMap":{"0":{"name":"(anonymous_0)","decl":{"start":{"line":4,"column":13},"end":{"line":4,"column":14}},"loc":{"start":{"line":4,"column":33},"end":{"line":7,"column":3}},"line":4}},"branchMap":{},"s":{"0":1,"1":32,"2":32,"3":1,"4":1},"f":{"0":32},"b":{},"_coverageSchema":"1a1c01bbd47fc00a2c39e90264f33305004495a9","hash":"9cf24f3526854c9098122dd6f93185d08d801af2"}
,"/Users/jaehwankwon/Code/whisper/server.js": {"path":"/Users/jaehwankwon/Code/whisper/server.js","statementMap":{"0":{"start":{"line":5,"column":12},"end":{"line":5,"column":21}},"1":{"start":{"line":6,"column":0},"end":{"line":6,"column":33}},"2":{"start":{"line":7,"column":0},"end":{"line":7,"column":26}},"3":{"start":{"line":8,"column":0},"end":{"line":8,"column":29}},"4":{"start":{"line":10,"column":0},"end":{"line":13,"column":2}},"5":{"start":{"line":11,"column":19},"end":{"line":11,"column":33}},"6":{"start":{"line":12,"column":2},"end":{"line":12,"column":33}},"7":{"start":{"line":15,"column":0},"end":{"line":18,"column":2}},"8":{"start":{"line":16,"column":19},"end":{"line":16,"column":33}},"9":{"start":{"line":17,"column":2},"end":{"line":17,"column":20}},"10":{"start":{"line":20,"column":0},"end":{"line":30,"column":1}},"11":{"start":{"line":22,"column":13},"end":{"line":22,"column":26}},"12":{"start":{"line":23,"column":20},"end":{"line":23,"column":37}},"13":{"start":{"line":24,"column":4},"end":{"line":28,"column":5}},"14":{"start":{"line":25,"column":6},"end":{"line":25,"column":26}},"15":{"start":{"line":27,"column":6},"end":{"line":27,"column":23}},"16":{"start":{"line":32,"column":0},"end":{"line":40,"column":2}},"17":{"start":{"line":33,"column":22},"end":{"line":33,"column":30}},"18":{"start":{"line":34,"column":2},"end":{"line":39,"column":3}},"19":{"start":{"line":35,"column":4},"end":{"line":35,"column":24}},"20":{"start":{"line":37,"column":20},"end":{"line":37,"column":41}},"21":{"start":{"line":38,"column":4},"end":{"line":38,"column":34}},"22":{"start":{"line":42,"column":0},"end":{"line":57,"column":2}},"23":{"start":{"line":43,"column":22},"end":{"line":43,"column":30}},"24":{"start":{"line":45,"column":13},"end":{"line":45,"column":26}},"25":{"start":{"line":46,"column":2},"end":{"line":56,"column":3}},"26":{"start":{"line":47,"column":4},"end":{"line":47,"column":23}},"27":{"start":{"line":49,"column":20},"end":{"line":49,"column":37}},"28":{"start":{"line":50,"column":4},"end":{"line":55,"column":5}},"29":{"start":{"line":51,"column":6},"end":{"line":51,"column":26}},"30":{"start":{"line":53,"column":6},"end":{"line":53,"column":36}},"31":{"start":{"line":54,"column":6},"end":{"line":54,"column":26}},"32":{"start":{"line":59,"column":0},"end":{"line":69,"column":2}},"33":{"start":{"line":61,"column":13},"end":{"line":61,"column":26}},"34":{"start":{"line":62,"column":18},"end":{"line":62,"column":35}},"35":{"start":{"line":63,"column":2},"end":{"line":66,"column":3}},"36":{"start":{"line":64,"column":4},"end":{"line":64,"column":23}},"37":{"start":{"line":65,"column":4},"end":{"line":65,"column":10}},"38":{"start":{"line":67,"column":2},"end":{"line":67,"column":22}},"39":{"start":{"line":68,"column":2},"end":{"line":68,"column":21}}},"fnMap":{"0":{"name":"(anonymous_0)","decl":{"start":{"line":10,"column":18},"end":{"line":10,"column":19}},"loc":{"start":{"line":10,"column":38},"end":{"line":13,"column":1}},"line":10},"1":{"name":"(anonymous_1)","decl":{"start":{"line":15,"column":27},"end":{"line":15,"column":28}},"loc":{"start":{"line":15,"column":47},"end":{"line":18,"column":1}},"line":15},"2":{"name":"(anonymous_2)","decl":{"start":{"line":20,"column":31},"end":{"line":20,"column":32}},"loc":{"start":{"line":20,"column":51},"end":{"line":29,"column":3}},"line":20},"3":{"name":"(anonymous_3)","decl":{"start":{"line":32,"column":28},"end":{"line":32,"column":29}},"loc":{"start":{"line":32,"column":48},"end":{"line":40,"column":1}},"line":32},"4":{"name":"(anonymous_4)","decl":{"start":{"line":42,"column":31},"end":{"line":42,"column":32}},"loc":{"start":{"line":42,"column":51},"end":{"line":57,"column":1}},"line":42},"5":{"name":"(anonymous_5)","decl":{"start":{"line":59,"column":34},"end":{"line":59,"column":35}},"loc":{"start":{"line":59,"column":54},"end":{"line":69,"column":1}},"line":59}},"branchMap":{"0":{"loc":{"start":{"line":24,"column":4},"end":{"line":28,"column":5}},"type":"if","locations":[{"start":{"line":24,"column":4},"end":{"line":28,"column":5}},{"start":{"line":26,"column":11},"end":{"line":28,"column":5}}],"line":24},"1":{"loc":{"start":{"line":34,"column":2},"end":{"line":39,"column":3}},"type":"if","locations":[{"start":{"line":34,"column":2},"end":{"line":39,"column":3}},{"start":{"line":36,"column":9},"end":{"line":39,"column":3}}],"line":34},"2":{"loc":{"start":{"line":46,"column":2},"end":{"line":56,"column":3}},"type":"if","locations":[{"start":{"line":46,"column":2},"end":{"line":56,"column":3}},{"start":{"line":48,"column":9},"end":{"line":56,"column":3}}],"line":46},"3":{"loc":{"start":{"line":50,"column":4},"end":{"line":55,"column":5}},"type":"if","locations":[{"start":{"line":50,"column":4},"end":{"line":55,"column":5}},{"start":{"line":52,"column":11},"end":{"line":55,"column":5}}],"line":50},"4":{"loc":{"start":{"line":63,"column":2},"end":{"line":66,"column":3}},"type":"if","locations":[{"start":{"line":63,"column":2},"end":{"line":66,"column":3}},{"start":{},"end":{}}],"line":63}},"s":{"0":1,"1":1,"2":1,"3":1,"4":1,"5":0,"6":0,"7":1,"8":2,"9":2,"10":1,"11":2,"12":2,"13":2,"14":1,"15":1,"16":1,"17":3,"18":3,"19":2,"20":1,"21":1,"22":1,"23":4,"24":4,"25":4,"26":2,"27":2,"28":2,"29":1,"30":1,"31":1,"32":1,"33":2,"34":2,"35":2,"36":1,"37":1,"38":1,"39":1},"f":{"0":0,"1":2,"2":2,"3":3,"4":4,"5":2},"b":{"0":[1,1],"1":[2,1],"2":[2,2],"3":[1,1],"4":[1,1]},"_coverageSchema":"1a1c01bbd47fc00a2c39e90264f33305004495a9","hash":"f6b8071b335ad43ada5f6e46e0b7953a80e22175"}
,"/Users/jaehwankwon/Code/whisper/store.js": {"path":"/Users/jaehwankwon/Code/whisper/store.js","statementMap":{"0":{"start":{"line":45,"column":15},"end":{"line":45,"column":35}},"1":{"start":{"line":45,"column":21},"end":{"line":45,"column":35}},"2":{"start":{"line":46,"column":16},"end":{"line":46,"column":51}},"3":{"start":{"line":46,"column":22},"end":{"line":46,"column":51}},"4":{"start":{"line":48,"column":15},"end":{"line":52,"column":1}},"5":{"start":{"line":49,"column":18},"end":{"line":49,"column":42}},"6":{"start":{"line":50,"column":2},"end":{"line":50,"column":22}},"7":{"start":{"line":51,"column":2},"end":{"line":51,"column":16}},"8":{"start":{"line":53,"column":19},"end":{"line":53,"column":108}},"9":{"start":{"line":53,"column":42},"end":{"line":53,"column":108}},"10":{"start":{"line":54,"column":19},"end":{"line":54,"column":63}},"11":{"start":{"line":54,"column":33},"end":{"line":54,"column":63}}},"fnMap":{"0":{"name":"(anonymous_0)","decl":{"start":{"line":45,"column":15},"end":{"line":45,"column":16}},"loc":{"start":{"line":45,"column":21},"end":{"line":45,"column":35}},"line":45},"1":{"name":"(anonymous_1)","decl":{"start":{"line":46,"column":16},"end":{"line":46,"column":17}},"loc":{"start":{"line":46,"column":22},"end":{"line":46,"column":51}},"line":46},"2":{"name":"(anonymous_2)","decl":{"start":{"line":48,"column":15},"end":{"line":48,"column":16}},"loc":{"start":{"line":48,"column":34},"end":{"line":52,"column":1}},"line":48},"3":{"name":"(anonymous_3)","decl":{"start":{"line":53,"column":19},"end":{"line":53,"column":20}},"loc":{"start":{"line":53,"column":42},"end":{"line":53,"column":108}},"line":53},"4":{"name":"(anonymous_4)","decl":{"start":{"line":54,"column":19},"end":{"line":54,"column":20}},"loc":{"start":{"line":54,"column":33},"end":{"line":54,"column":63}},"line":54}},"branchMap":{},"s":{"0":1,"1":2,"2":1,"3":9,"4":1,"5":1,"6":1,"7":1,"8":1,"9":1,"10":1,"11":1},"f":{"0":2,"1":9,"2":1,"3":1,"4":1},"b":{},"_coverageSchema":"1a1c01bbd47fc00a2c39e90264f33305004495a9","hash":"1b76c64ed1e60bab6c8a41e9fa8bcafb81e526ae"}
}
