TN:
SF:database.js
FN:4,(anonymous_0)
FNF:1
FNH:1
FNDA:32,(anonymous_0)
DA:2,1
DA:5,32
DA:6,32
DA:9,1
DA:12,1
LF:5
LH:5
BRF:0
BRH:0
end_of_record
TN:
SF:server.js
FN:10,(anonymous_0)
FN:15,(anonymous_1)
FN:20,(anonymous_2)
FN:32,(anonymous_3)
FN:42,(anonymous_4)
FN:59,(anonymous_5)
FNF:6
FNH:5
FNDA:0,(anonymous_0)
FNDA:2,(anonymous_1)
FNDA:2,(anonymous_2)
FNDA:3,(anonymous_3)
FNDA:4,(anonymous_4)
FNDA:2,(anonymous_5)
DA:5,1
DA:6,1
DA:7,1
DA:8,1
DA:10,1
DA:11,0
DA:12,0
DA:15,1
DA:16,2
DA:17,2
DA:20,1
DA:22,2
DA:23,2
DA:24,2
DA:25,1
DA:27,1
DA:32,1
DA:33,3
DA:34,3
DA:35,2
DA:37,1
DA:38,1
DA:42,1
DA:43,4
DA:45,4
DA:46,4
DA:47,2
DA:49,2
DA:50,2
DA:51,1
DA:53,1
DA:54,1
DA:59,1
DA:61,2
DA:62,2
DA:63,2
DA:64,1
DA:65,1
DA:67,1
DA:68,1
LF:40
LH:38
BRDA:24,0,0,1
BRDA:24,0,1,1
BRDA:34,1,0,2
BRDA:34,1,1,1
BRDA:46,2,0,2
BRDA:46,2,1,2
BRDA:50,3,0,1
BRDA:50,3,1,1
BRDA:63,4,0,1
BRDA:63,4,1,1
BRF:10
BRH:10
end_of_record
TN:
SF:store.js
FN:45,(anonymous_0)
FN:46,(anonymous_1)
FN:48,(anonymous_2)
FN:53,(anonymous_3)
FN:54,(anonymous_4)
FNF:5
FNH:5
FNDA:2,(anonymous_0)
FNDA:9,(anonymous_1)
FNDA:1,(anonymous_2)
FNDA:1,(anonymous_3)
FNDA:1,(anonymous_4)
DA:45,2
DA:46,9
DA:48,1
DA:49,1
DA:50,1
DA:51,1
DA:53,1
DA:54,1
LF:8
LH:8
BRF:0
BRH:0
end_of_record
